<?xml version="1.0" encoding="UTF-8"?>
<!-- Generated by org.testng.reporters.JUnitReportReporter -->
<testsuite hostname="LAPTOP-KF51IQR9" name="suiteListenerExample.Testclass2" tests="1" failures="0" timestamp="4 Sep 2019 14:55:21 GMT" time="0.000" errors="1">
  <testcase name="t" time="0.000" classname="suiteListenerExample.Testclass2">
    <error type="org.testng.TestNGException" message="
Parameter &#039;uj&#039; is required by @Configuration on method beforeSuite but has not been marked @Optional or defined
in G:\javademo\com.listeners\testng2.xml">
      <![CDATA[org.testng.TestNGException: 
Parameter 'uj' is required by @Configuration on method beforeSuite but has not been marked @Optional or defined
in G:\javademo\com.listeners\testng2.xml
	at org.testng.internal.Parameters.createParameters(Parameters.java:154)
	at org.testng.internal.Parameters.createParameters(Parameters.java:361)
	at org.testng.internal.Parameters.createConfigurationParameters(Parameters.java:84)
	at org.testng.internal.Invoker.invokeConfigurations(Invoker.java:201)
	at org.testng.internal.Invoker.invokeConfigurations(Invoker.java:142)
	at org.testng.SuiteRunner.privateRun(SuiteRunner.java:305)
	at org.testng.SuiteRunner.run(SuiteRunner.java:268)
	at org.testng.SuiteRunnerWorker.runSuite(SuiteRunnerWorker.java:52)
	at org.testng.SuiteRunnerWorker.run(SuiteRunnerWorker.java:86)
	at org.testng.TestNG.runSuitesSequentially(TestNG.java:1244)
	at org.testng.TestNG.runSuitesLocally(TestNG.java:1169)
	at org.testng.TestNG.run(TestNG.java:1064)
	at org.testng.remote.RemoteTestNG.run(RemoteTestNG.java:113)
	at org.testng.remote.RemoteTestNG.initAndRun(RemoteTestNG.java:206)
	at org.testng.remote.RemoteTestNG.main(RemoteTestNG.java:177)
]]>
    </error>
  </testcase> <!-- t -->
</testsuite> <!-- suiteListenerExample.Testclass2 -->
